{"/home/eyt/dev/hexlet/frontend-project-lvl2/src/index.js": {"path":"/home/eyt/dev/hexlet/frontend-project-lvl2/src/index.js","all":false,"statementMap":{"0":{"start":{"line":1,"column":0},"end":{"line":1,"column":20}},"1":{"start":{"line":2,"column":0},"end":{"line":2,"column":23}},"2":{"start":{"line":3,"column":0},"end":{"line":3,"column":0}},"3":{"start":{"line":4,"column":0},"end":{"line":4,"column":28}},"4":{"start":{"line":5,"column":0},"end":{"line":5,"column":52}},"5":{"start":{"line":6,"column":0},"end":{"line":6,"column":33}},"6":{"start":{"line":7,"column":0},"end":{"line":7,"column":2}},"7":{"start":{"line":8,"column":0},"end":{"line":8,"column":0}},"8":{"start":{"line":9,"column":0},"end":{"line":9,"column":35}},"9":{"start":{"line":10,"column":0},"end":{"line":10,"column":32}},"10":{"start":{"line":11,"column":0},"end":{"line":11,"column":32}},"11":{"start":{"line":12,"column":0},"end":{"line":12,"column":0}},"12":{"start":{"line":13,"column":0},"end":{"line":13,"column":35}},"13":{"start":{"line":14,"column":0},"end":{"line":14,"column":35}},"14":{"start":{"line":15,"column":0},"end":{"line":15,"column":47}},"15":{"start":{"line":16,"column":0},"end":{"line":16,"column":0}},"16":{"start":{"line":17,"column":0},"end":{"line":17,"column":41}},"17":{"start":{"line":18,"column":0},"end":{"line":18,"column":28}},"18":{"start":{"line":19,"column":0},"end":{"line":19,"column":41}},"19":{"start":{"line":20,"column":0},"end":{"line":20,"column":41}},"20":{"start":{"line":21,"column":0},"end":{"line":21,"column":22}},"21":{"start":{"line":22,"column":0},"end":{"line":22,"column":29}},"22":{"start":{"line":23,"column":0},"end":{"line":23,"column":36}},"23":{"start":{"line":24,"column":0},"end":{"line":24,"column":21}},"24":{"start":{"line":25,"column":0},"end":{"line":25,"column":5}},"25":{"start":{"line":26,"column":0},"end":{"line":26,"column":0}},"26":{"start":{"line":27,"column":0},"end":{"line":27,"column":22}},"27":{"start":{"line":28,"column":0},"end":{"line":28,"column":32}},"28":{"start":{"line":29,"column":0},"end":{"line":29,"column":33}},"29":{"start":{"line":30,"column":0},"end":{"line":30,"column":21}},"30":{"start":{"line":31,"column":0},"end":{"line":31,"column":5}},"31":{"start":{"line":32,"column":0},"end":{"line":32,"column":0}},"32":{"start":{"line":33,"column":0},"end":{"line":33,"column":31}},"33":{"start":{"line":34,"column":0},"end":{"line":34,"column":34}},"34":{"start":{"line":35,"column":0},"end":{"line":35,"column":0}},"35":{"start":{"line":36,"column":0},"end":{"line":36,"column":45}},"36":{"start":{"line":37,"column":0},"end":{"line":37,"column":30}},"37":{"start":{"line":38,"column":0},"end":{"line":38,"column":21}},"38":{"start":{"line":39,"column":0},"end":{"line":39,"column":5}},"39":{"start":{"line":40,"column":0},"end":{"line":40,"column":0}},"40":{"start":{"line":41,"column":0},"end":{"line":41,"column":30}},"41":{"start":{"line":42,"column":0},"end":{"line":42,"column":19}},"42":{"start":{"line":43,"column":0},"end":{"line":43,"column":5}},"43":{"start":{"line":44,"column":0},"end":{"line":44,"column":0}},"44":{"start":{"line":45,"column":0},"end":{"line":45,"column":46}},"45":{"start":{"line":46,"column":0},"end":{"line":46,"column":29}},"46":{"start":{"line":47,"column":0},"end":{"line":47,"column":17}},"47":{"start":{"line":48,"column":0},"end":{"line":48,"column":57}},"48":{"start":{"line":49,"column":0},"end":{"line":49,"column":20}},"49":{"start":{"line":50,"column":0},"end":{"line":50,"column":54}},"50":{"start":{"line":51,"column":0},"end":{"line":51,"column":18}},"51":{"start":{"line":52,"column":0},"end":{"line":52,"column":54}},"52":{"start":{"line":53,"column":0},"end":{"line":53,"column":14}},"53":{"start":{"line":54,"column":0},"end":{"line":54,"column":14}},"54":{"start":{"line":55,"column":0},"end":{"line":55,"column":5}},"55":{"start":{"line":56,"column":0},"end":{"line":56,"column":48}},"56":{"start":{"line":57,"column":0},"end":{"line":57,"column":41}},"57":{"start":{"line":58,"column":0},"end":{"line":58,"column":16}},"58":{"start":{"line":59,"column":0},"end":{"line":59,"column":0}},"59":{"start":{"line":60,"column":0},"end":{"line":60,"column":11}},"60":{"start":{"line":61,"column":0},"end":{"line":61,"column":11}},"61":{"start":{"line":62,"column":0},"end":{"line":62,"column":3}},"62":{"start":{"line":63,"column":0},"end":{"line":63,"column":2}},"63":{"start":{"line":64,"column":0},"end":{"line":64,"column":0}},"64":{"start":{"line":65,"column":0},"end":{"line":65,"column":23}}},"s":{"0":2,"1":2,"2":2,"3":2,"4":1,"5":1,"6":1,"7":1,"8":1,"9":1,"10":1,"11":1,"12":1,"13":1,"14":5,"15":5,"16":5,"17":5,"18":5,"19":1,"20":1,"21":5,"22":5,"23":2,"24":2,"25":2,"26":2,"27":2,"28":2,"29":2,"30":2,"31":2,"32":5,"33":1,"34":1,"35":1,"36":1,"37":1,"38":1,"39":1,"40":1,"41":5,"42":5,"43":1,"44":1,"45":1,"46":5,"47":5,"48":5,"49":5,"50":5,"51":5,"52":1,"53":1,"54":1,"55":1,"56":1,"57":1,"58":1,"59":1,"60":1,"61":1,"62":1,"63":1,"64":1},"branchMap":{"0":{"type":"branch","line":1,"loc":{"start":{"line":1,"column":0},"end":{"line":5,"column":8}},"locations":[{"start":{"line":1,"column":0},"end":{"line":5,"column":8}}]},"1":{"type":"branch","line":5,"loc":{"start":{"line":5,"column":25},"end":{"line":57,"column":6}},"locations":[{"start":{"line":5,"column":25},"end":{"line":57,"column":6}}]},"2":{"type":"branch","line":14,"loc":{"start":{"line":14,"column":2},"end":{"line":38,"column":13}},"locations":[{"start":{"line":14,"column":2},"end":{"line":38,"column":13}}]},"3":{"type":"branch","line":19,"loc":{"start":{"line":19,"column":25},"end":{"line":22,"column":13}},"locations":[{"start":{"line":19,"column":25},"end":{"line":22,"column":13}}]},"4":{"type":"branch","line":22,"loc":{"start":{"line":22,"column":6},"end":{"line":23,"column":13}},"locations":[{"start":{"line":22,"column":6},"end":{"line":23,"column":13}}]},"5":{"type":"branch","line":23,"loc":{"start":{"line":23,"column":6},"end":{"line":33,"column":26}},"locations":[{"start":{"line":23,"column":6},"end":{"line":33,"column":26}}]},"6":{"type":"branch","line":33,"loc":{"start":{"line":33,"column":4},"end":{"line":38,"column":13}},"locations":[{"start":{"line":33,"column":4},"end":{"line":38,"column":13}}]},"7":{"type":"branch","line":41,"loc":{"start":{"line":41,"column":4},"end":{"line":56,"column":18}},"locations":[{"start":{"line":41,"column":4},"end":{"line":56,"column":18}}]},"8":{"type":"branch","line":43,"loc":{"start":{"line":43,"column":3},"end":{"line":46,"column":29}},"locations":[{"start":{"line":43,"column":3},"end":{"line":46,"column":29}}]},"9":{"type":"branch","line":47,"loc":{"start":{"line":47,"column":6},"end":{"line":48,"column":55}},"locations":[{"start":{"line":47,"column":6},"end":{"line":48,"column":55}}]},"10":{"type":"branch","line":49,"loc":{"start":{"line":49,"column":6},"end":{"line":50,"column":52}},"locations":[{"start":{"line":49,"column":6},"end":{"line":50,"column":52}}]},"11":{"type":"branch","line":52,"loc":{"start":{"line":52,"column":8},"end":{"line":56,"column":12}},"locations":[{"start":{"line":52,"column":8},"end":{"line":56,"column":12}}]}},"b":{"0":[2],"1":[1],"2":[5],"3":[1],"4":[4],"5":[2],"6":[1],"7":[5],"8":[1],"9":[2],"10":[1],"11":[1]},"fnMap":{"0":{"name":"readJSON","decl":{"start":{"line":1,"column":0},"end":{"line":5,"column":8}},"loc":{"start":{"line":1,"column":0},"end":{"line":5,"column":8}},"line":1},"1":{"name":"genDiff","decl":{"start":{"line":5,"column":25},"end":{"line":57,"column":6}},"loc":{"start":{"line":5,"column":25},"end":{"line":57,"column":6}},"line":5}},"f":{"0":2,"1":1}}
}
