TN:
SF:src/index.js
FN:1,readJSON
FN:5,genDiff
FNF:2
FNH:2
FNDA:2,readJSON
FNDA:1,genDiff
DA:1,2
DA:2,2
DA:3,2
DA:4,2
DA:5,1
DA:6,1
DA:7,1
DA:8,1
DA:9,1
DA:10,1
DA:11,1
DA:12,1
DA:13,1
DA:14,1
DA:15,5
DA:16,5
DA:17,5
DA:18,5
DA:19,5
DA:20,1
DA:21,1
DA:22,5
DA:23,5
DA:24,2
DA:25,2
DA:26,2
DA:27,2
DA:28,2
DA:29,2
DA:30,2
DA:31,2
DA:32,2
DA:33,5
DA:34,1
DA:35,1
DA:36,1
DA:37,1
DA:38,1
DA:39,1
DA:40,1
DA:41,1
DA:42,5
DA:43,5
DA:44,1
DA:45,1
DA:46,1
DA:47,5
DA:48,5
DA:49,5
DA:50,5
DA:51,5
DA:52,5
DA:53,1
DA:54,1
DA:55,1
DA:56,1
DA:57,1
DA:58,1
DA:59,1
DA:60,1
DA:61,1
DA:62,1
DA:63,1
DA:64,1
DA:65,1
LF:65
LH:65
BRDA:1,0,0,2
BRDA:5,1,0,1
BRDA:14,2,0,5
BRDA:19,3,0,1
BRDA:22,4,0,4
BRDA:23,5,0,2
BRDA:33,6,0,1
BRDA:41,7,0,5
BRDA:43,8,0,1
BRDA:47,9,0,2
BRDA:49,10,0,1
BRDA:52,11,0,1
BRF:12
BRH:12
end_of_record
